nohup: ignoring input
2025-12-27 01:53:07.640522: E external/local_xla/xla/stream_executor/cuda/cuda_fft.cc:479] Unable to register cuFFT factory: Attempting to register factory for plugin cuFFT when one has already been registered
2025-12-27 01:53:07.663971: E external/local_xla/xla/stream_executor/cuda/cuda_dnn.cc:10575] Unable to register cuDNN factory: Attempting to register factory for plugin cuDNN when one has already been registered
2025-12-27 01:53:07.664033: E external/local_xla/xla/stream_executor/cuda/cuda_blas.cc:1442] Unable to register cuBLAS factory: Attempting to register factory for plugin cuBLAS when one has already been registered
2025-12-27 01:53:07.679267: I tensorflow/core/platform/cpu_feature_guard.cc:210] This TensorFlow binary is optimized to use available CPU instructions in performance-critical operations.
To enable the following instructions: AVX2 FMA, in other operations, rebuild TensorFlow with the appropriate compiler flags.
2025-12-27 01:53:08.343532: W tensorflow/compiler/tf2tensorrt/utils/py_utils.cc:38] TF-TRT Warning: Could not find TensorRT
/home/nosachea/miniconda3/envs/bocser/lib/python3.10/site-packages/gpflow/versions.py:1: UserWarning: pkg_resources is deprecated as an API. See https://setuptools.pypa.io/en/latest/pkg_resources.html. The pkg_resources package is slated for removal as early as 2025-11-30. Refrain from using this package or pin to Setuptools<81.
  import pkg_resources
2025-12-27 01:53:10.970589: W tensorflow/core/common_runtime/gpu/gpu_device.cc:2251] Cannot dlopen some GPU libraries. Please make sure the missing libraries mentioned above are installed properly if you would like to use GPU. Follow the guide at https://www.tensorflow.org/install/gpu for how to download and setup the required libraries for your platform.
Skipping registering GPU devices...
[01:53:11] Warning: molecule is tagged as 2D, but at least one Z coordinate is not zero. Marking the mol as 3D.
[01:53:12] Warning: molecule is tagged as 2D, but at least one Z coordinate is not zero. Marking the mol as 3D.
Submitted batch job 513523
[07:37:51] Warning: molecule is tagged as 2D, but at least one Z coordinate is not zero. Marking the mol as 3D.
WARNING:tensorflow:AutoGraph could not transform <function TextIOWrapper.write at 0x7f9c207070a0> and will run it as-is.
Please report this to the TensorFlow team. When filing the bug, set the verbosity to 10 (on Linux, `export AUTOGRAPH_VERBOSITY=10`) and attach the full output.
Cause: module, class, method, function, traceback, frame, or code object was expected, got builtin_function_or_method
To silence this warning, decorate the function with @tf.autograph.experimental.do_not_convert
WARNING:tensorflow:AutoGraph could not transform <function copyfile at 0x7f9e744ae0e0> and will run it as-is.
Please report this to the TensorFlow team. When filing the bug, set the verbosity to 10 (on Linux, `export AUTOGRAPH_VERBOSITY=10`) and attach the full output.
Cause: 
To silence this warning, decorate the function with @tf.autograph.experimental.do_not_convert
Submitted batch job 513524
WARNING:tensorflow:AutoGraph could not transform <function TextIOWrapper.write at 0x7f9c206b9cf0> and will run it as-is.
Please report this to the TensorFlow team. When filing the bug, set the verbosity to 10 (on Linux, `export AUTOGRAPH_VERBOSITY=10`) and attach the full output.
Cause: module, class, method, function, traceback, frame, or code object was expected, got builtin_function_or_method
To silence this warning, decorate the function with @tf.autograph.experimental.do_not_convert
Submitted batch job 513558
2025-12-28 20:45:09.948338: I tensorflow/core/kernels/logging_ops.cc:171] Optimization completed without errors

[21:00:21] Warning: molecule is tagged as 2D, but at least one Z coordinate is not zero. Marking the mol as 3D.
WARNING:tensorflow:AutoGraph could not transform <function TextIOWrapper.write at 0x7f9c20293a30> and will run it as-is.
Please report this to the TensorFlow team. When filing the bug, set the verbosity to 10 (on Linux, `export AUTOGRAPH_VERBOSITY=10`) and attach the full output.
Cause: module, class, method, function, traceback, frame, or code object was expected, got builtin_function_or_method
To silence this warning, decorate the function with @tf.autograph.experimental.do_not_convert
Submitted batch job 513598
WARNING:tensorflow:AutoGraph could not transform <function TextIOWrapper.write at 0x7f9c20293130> and will run it as-is.
Please report this to the TensorFlow team. When filing the bug, set the verbosity to 10 (on Linux, `export AUTOGRAPH_VERBOSITY=10`) and attach the full output.
Cause: module, class, method, function, traceback, frame, or code object was expected, got builtin_function_or_method
To silence this warning, decorate the function with @tf.autograph.experimental.do_not_convert
Submitted batch job 513601
2025-12-29 07:28:05.267906: I tensorflow/core/kernels/logging_ops.cc:171] Optimization completed without errors

[07:43:13] Warning: molecule is tagged as 2D, but at least one Z coordinate is not zero. Marking the mol as 3D.
WARNING:tensorflow:AutoGraph could not transform <function TextIOWrapper.write at 0x7f9c206000d0> and will run it as-is.
Please report this to the TensorFlow team. When filing the bug, set the verbosity to 10 (on Linux, `export AUTOGRAPH_VERBOSITY=10`) and attach the full output.
Cause: module, class, method, function, traceback, frame, or code object was expected, got builtin_function_or_method
To silence this warning, decorate the function with @tf.autograph.experimental.do_not_convert
Submitted batch job 513602
WARNING:tensorflow:AutoGraph could not transform <function TextIOWrapper.write at 0x7f9c20601e10> and will run it as-is.
Please report this to the TensorFlow team. When filing the bug, set the verbosity to 10 (on Linux, `export AUTOGRAPH_VERBOSITY=10`) and attach the full output.
Cause: module, class, method, function, traceback, frame, or code object was expected, got builtin_function_or_method
To silence this warning, decorate the function with @tf.autograph.experimental.do_not_convert
Submitted batch job 513850
2025-12-30 13:22:08.069484: I tensorflow/core/kernels/logging_ops.cc:171] Optimization completed without errors

[13:37:36] Warning: molecule is tagged as 2D, but at least one Z coordinate is not zero. Marking the mol as 3D.
WARNING:tensorflow:AutoGraph could not transform <function TextIOWrapper.write at 0x7f9c206ba4d0> and will run it as-is.
Please report this to the TensorFlow team. When filing the bug, set the verbosity to 10 (on Linux, `export AUTOGRAPH_VERBOSITY=10`) and attach the full output.
Cause: module, class, method, function, traceback, frame, or code object was expected, got builtin_function_or_method
To silence this warning, decorate the function with @tf.autograph.experimental.do_not_convert
Submitted batch job 513859
WARNING:tensorflow:AutoGraph could not transform <function TextIOWrapper.write at 0x7f9c206b84c0> and will run it as-is.
Please report this to the TensorFlow team. When filing the bug, set the verbosity to 10 (on Linux, `export AUTOGRAPH_VERBOSITY=10`) and attach the full output.
Cause: module, class, method, function, traceback, frame, or code object was expected, got builtin_function_or_method
To silence this warning, decorate the function with @tf.autograph.experimental.do_not_convert
Submitted batch job 513860
2025-12-31 21:35:53.566632: I tensorflow/core/kernels/logging_ops.cc:171] Optimization completed without errors

[21:49:56] Warning: molecule is tagged as 2D, but at least one Z coordinate is not zero. Marking the mol as 3D.
WARNING:tensorflow:AutoGraph could not transform <function TextIOWrapper.write at 0x7f9c20293be0> and will run it as-is.
Please report this to the TensorFlow team. When filing the bug, set the verbosity to 10 (on Linux, `export AUTOGRAPH_VERBOSITY=10`) and attach the full output.
Cause: module, class, method, function, traceback, frame, or code object was expected, got builtin_function_or_method
To silence this warning, decorate the function with @tf.autograph.experimental.do_not_convert
Submitted batch job 513869
WARNING:tensorflow:AutoGraph could not transform <function TextIOWrapper.write at 0x7f9c20292ef0> and will run it as-is.
Please report this to the TensorFlow team. When filing the bug, set the verbosity to 10 (on Linux, `export AUTOGRAPH_VERBOSITY=10`) and attach the full output.
Cause: module, class, method, function, traceback, frame, or code object was expected, got builtin_function_or_method
To silence this warning, decorate the function with @tf.autograph.experimental.do_not_convert
Submitted batch job 513870
2026-01-02 07:59:42.025899: I tensorflow/core/kernels/logging_ops.cc:171] Optimization completed without errors

[08:16:19] Warning: molecule is tagged as 2D, but at least one Z coordinate is not zero. Marking the mol as 3D.
WARNING:tensorflow:AutoGraph could not transform <function TextIOWrapper.write at 0x7f9c20611120> and will run it as-is.
Please report this to the TensorFlow team. When filing the bug, set the verbosity to 10 (on Linux, `export AUTOGRAPH_VERBOSITY=10`) and attach the full output.
Cause: module, class, method, function, traceback, frame, or code object was expected, got builtin_function_or_method
To silence this warning, decorate the function with @tf.autograph.experimental.do_not_convert
Submitted batch job 513922
WARNING:tensorflow:AutoGraph could not transform <function TextIOWrapper.write at 0x7f9c20610b80> and will run it as-is.
Please report this to the TensorFlow team. When filing the bug, set the verbosity to 10 (on Linux, `export AUTOGRAPH_VERBOSITY=10`) and attach the full output.
Cause: module, class, method, function, traceback, frame, or code object was expected, got builtin_function_or_method
To silence this warning, decorate the function with @tf.autograph.experimental.do_not_convert
Submitted batch job 513965
2026-01-03 19:03:23.367328: I tensorflow/core/kernels/logging_ops.cc:171] Optimization completed without errors

[19:17:20] Warning: molecule is tagged as 2D, but at least one Z coordinate is not zero. Marking the mol as 3D.
WARNING:tensorflow:AutoGraph could not transform <function TextIOWrapper.write at 0x7f9c20612710> and will run it as-is.
Please report this to the TensorFlow team. When filing the bug, set the verbosity to 10 (on Linux, `export AUTOGRAPH_VERBOSITY=10`) and attach the full output.
Cause: module, class, method, function, traceback, frame, or code object was expected, got builtin_function_or_method
To silence this warning, decorate the function with @tf.autograph.experimental.do_not_convert
Submitted batch job 513970
WARNING:tensorflow:AutoGraph could not transform <function TextIOWrapper.write at 0x7f9c20613910> and will run it as-is.
Please report this to the TensorFlow team. When filing the bug, set the verbosity to 10 (on Linux, `export AUTOGRAPH_VERBOSITY=10`) and attach the full output.
Cause: module, class, method, function, traceback, frame, or code object was expected, got builtin_function_or_method
To silence this warning, decorate the function with @tf.autograph.experimental.do_not_convert
Submitted batch job 513987
2026-01-05 01:36:17.806854: I tensorflow/core/kernels/logging_ops.cc:171] Optimization completed without errors

[01:51:51] Warning: molecule is tagged as 2D, but at least one Z coordinate is not zero. Marking the mol as 3D.
WARNING:tensorflow:AutoGraph could not transform <function TextIOWrapper.write at 0x7f9c20380160> and will run it as-is.
Please report this to the TensorFlow team. When filing the bug, set the verbosity to 10 (on Linux, `export AUTOGRAPH_VERBOSITY=10`) and attach the full output.
Cause: module, class, method, function, traceback, frame, or code object was expected, got builtin_function_or_method
To silence this warning, decorate the function with @tf.autograph.experimental.do_not_convert
Submitted batch job 514027
WARNING:tensorflow:AutoGraph could not transform <function TextIOWrapper.write at 0x7f9c20383be0> and will run it as-is.
Please report this to the TensorFlow team. When filing the bug, set the verbosity to 10 (on Linux, `export AUTOGRAPH_VERBOSITY=10`) and attach the full output.
Cause: module, class, method, function, traceback, frame, or code object was expected, got builtin_function_or_method
To silence this warning, decorate the function with @tf.autograph.experimental.do_not_convert
Submitted batch job 514043
2026-01-06 15:08:56.109414: I tensorflow/core/kernels/logging_ops.cc:171] Optimization completed without errors

[15:24:33] Warning: molecule is tagged as 2D, but at least one Z coordinate is not zero. Marking the mol as 3D.
WARNING:tensorflow:AutoGraph could not transform <function TextIOWrapper.write at 0x7f9c206a3c70> and will run it as-is.
Please report this to the TensorFlow team. When filing the bug, set the verbosity to 10 (on Linux, `export AUTOGRAPH_VERBOSITY=10`) and attach the full output.
Cause: module, class, method, function, traceback, frame, or code object was expected, got builtin_function_or_method
To silence this warning, decorate the function with @tf.autograph.experimental.do_not_convert
Submitted batch job 514054
No energy line found in tests/NonBR/outfile.out; returning broken_struct_energy
Preopt finished with error! Structure with number 32 will be skipped!
2026-01-10 19:25:32.254316: I tensorflow/core/kernels/logging_ops.cc:171] Optimization completed without errors

Last optimization finished with error, skipping trj parsing!
[19:40:52] Warning: molecule is tagged as 2D, but at least one Z coordinate is not zero. Marking the mol as 3D.
WARNING:tensorflow:AutoGraph could not transform <function TextIOWrapper.write at 0x7f9c206117e0> and will run it as-is.
Please report this to the TensorFlow team. When filing the bug, set the verbosity to 10 (on Linux, `export AUTOGRAPH_VERBOSITY=10`) and attach the full output.
Cause: module, class, method, function, traceback, frame, or code object was expected, got builtin_function_or_method
To silence this warning, decorate the function with @tf.autograph.experimental.do_not_convert
Submitted batch job 514805
WARNING:tensorflow:AutoGraph could not transform <function TextIOWrapper.write at 0x7f9c20611990> and will run it as-is.
Please report this to the TensorFlow team. When filing the bug, set the verbosity to 10 (on Linux, `export AUTOGRAPH_VERBOSITY=10`) and attach the full output.
Cause: module, class, method, function, traceback, frame, or code object was expected, got builtin_function_or_method
To silence this warning, decorate the function with @tf.autograph.experimental.do_not_convert
Submitted batch job 514807
2026-01-12 08:22:12.039276: I tensorflow/core/kernels/logging_ops.cc:171] Optimization completed without errors

[08:35:13] Warning: molecule is tagged as 2D, but at least one Z coordinate is not zero. Marking the mol as 3D.
WARNING:tensorflow:AutoGraph could not transform <function TextIOWrapper.write at 0x7f9c206a2440> and will run it as-is.
Please report this to the TensorFlow team. When filing the bug, set the verbosity to 10 (on Linux, `export AUTOGRAPH_VERBOSITY=10`) and attach the full output.
Cause: module, class, method, function, traceback, frame, or code object was expected, got builtin_function_or_method
To silence this warning, decorate the function with @tf.autograph.experimental.do_not_convert
Submitted batch job 514808
WARNING:tensorflow:AutoGraph could not transform <function TextIOWrapper.write at 0x7f9c206a3b50> and will run it as-is.
Please report this to the TensorFlow team. When filing the bug, set the verbosity to 10 (on Linux, `export AUTOGRAPH_VERBOSITY=10`) and attach the full output.
Cause: module, class, method, function, traceback, frame, or code object was expected, got builtin_function_or_method
To silence this warning, decorate the function with @tf.autograph.experimental.do_not_convert
Submitted batch job 514812
